[0mGET /api/products [32m200[0m 54.388 ms - 1214219[0m
[0mGET / [36m304[0m 388.925 ms - -[0m
[0mGET /assets/css/common.css [36m304[0m 1.825 ms - -[0m
[0mGET /assets/css/index.css [36m304[0m 0.688 ms - -[0m
[0mGET /assets/js/common.js [36m304[0m 1.279 ms - -[0m
[0mGET /assets/js/index.js [36m304[0m 7.078 ms - -[0m
[0mGET /assets/images/logo-light.png [36m304[0m 0.630 ms - -[0m
[0mGET /assets/js/common.js [36m304[0m 2.992 ms - -[0m
[0mGET /assets/js/index.js [36m304[0m 0.687 ms - -[0m
[0mGET /assets/images/icons/basket64ca280f00ff0623d007.svg [36m304[0m 0.868 ms - -[0m
[0mGET /assets/images/icons/star-offe9ddc035595a1db4743e.svg [36m304[0m 1.449 ms - -[0m
[0mGET /assets/images/icons/star-onb0e73841f6db8e108831.svg [36m304[0m 0.932 ms - -[0m
[0mGET /api/products [36m304[0m 37.953 ms - -[0m
[0mGET /assets/images/fav-furniture.png [36m304[0m 0.752 ms - -[0m
GET /api/products - 200 66.480 ms - 1214219 
GET / - 304 378.742 ms - - 
GET /assets/css/common.css - 304 3.293 ms - - 
GET /assets/css/index.css - 304 0.734 ms - - 
GET /assets/js/common.js - 304 1.517 ms - - 
GET /assets/js/index.js - 304 1.177 ms - - 
GET /assets/images/logo-light.png - 304 1.615 ms - - 
GET /assets/images/icons/basket64ca280f00ff0623d007.svg - 304 1.333 ms - - 
GET /assets/images/icons/star-offe9ddc035595a1db4743e.svg - 304 1.422 ms - - 
GET /assets/images/icons/star-onb0e73841f6db8e108831.svg - 304 4.660 ms - - 
GET /api/products - 304 34.654 ms - - 
GET /api/products - 200 79.080 ms - 1214219 
GET / - 304 462.419 ms - - 
GET /assets/css/common.css - 304 1.062 ms - - 
GET /assets/css/index.css - 304 2.872 ms - - 
GET /assets/js/common.js - 304 1.587 ms - - 
GET /assets/js/index.js - 304 1.333 ms - - 
GET /assets/images/logo-light.png - 304 1.239 ms - - 
GET /api/products - 304 46.841 ms - - 
GET /assets/images/fav-furniture.png - 304 0.761 ms - - 
[0mGET /api/products [32m200[0m 73.296 ms - 1214219[0m
[0mGET / [36m304[0m 452.683 ms - -[0m
[0mGET /assets/css/common.css [36m304[0m 1.401 ms - -[0m
[0mGET /assets/css/index.css [36m304[0m 0.604 ms - -[0m
[0mGET /assets/js/common.js [36m304[0m 0.732 ms - -[0m
[0mGET /assets/js/index.js [36m304[0m 5.581 ms - -[0m
[0mGET /assets/images/logo-light.png [36m304[0m 11.861 ms - -[0m
[0mGET /api/products [36m304[0m 46.351 ms - -[0m
[0mGET /assets/images/fav-furniture.png [36m304[0m 0.609 ms - -[0m
GET /api/products 200 66.399 ms - 1214219 
GET / 304 487.047 ms - - 
GET /assets/css/common.css 304 5.415 ms - - 
GET /assets/css/index.css 304 2.301 ms - - 
GET /assets/js/common.js 304 6.060 ms - - 
GET /assets/js/index.js 304 9.664 ms - - 
GET /assets/images/logo-light.png 304 8.197 ms - - 
GET /assets/images/icons/basket64ca280f00ff0623d007.svg 304 1.141 ms - - 
GET /assets/images/icons/star-offe9ddc035595a1db4743e.svg 304 5.696 ms - - 
GET /assets/images/icons/star-onb0e73841f6db8e108831.svg 304 14.213 ms - - 
GET /api/products 304 52.349 ms - - 
GET /assets/images/fav-furniture.png 304 0.544 ms - - 
GET /api/products 200 252.142 ms - 1214219 
GET / 200 1255.371 ms - 21951 
GET /assets/css/common.css 200 2.712 ms - 14687 
GET /assets/js/common.js 200 0.806 ms - 12772 
GET /assets/js/index.js 200 1.900 ms - 4605 
GET /assets/images/logo-light.png 200 1.780 ms - 44211 
GET /assets/js/common.js 200 0.767 ms - 12772 
GET /assets/js/index.js 200 0.556 ms - 4605 
GET /assets/css/index.css 304 0.820 ms - - 
GET /assets/images/icons/basket64ca280f00ff0623d007.svg 200 0.684 ms - 2415 
GET /assets/images/icons/star-offe9ddc035595a1db4743e.svg 304 1.442 ms - - 
GET /assets/images/icons/star-onb0e73841f6db8e108831.svg 304 2.849 ms - - 
GET /api/products 200 40.562 ms - 1214219 
GET /assets/images/icons/crosse66d907701c789759d87.svg 304 2.338 ms - - 
GET /api/products 200 84.656 ms - 1214219 
GET / 304 511.572 ms - - 
GET /assets/css/common.css 200 3.384 ms - 14687 
GET /assets/css/index.css 200 0.968 ms - 2053 
GET /assets/js/common.js 200 4.588 ms - 12727 
GET /assets/js/index.js 200 1.847 ms - 4605 
GET /assets/images/logo-light.png 200 0.766 ms - 44211 
GET /assets/images/icons/basket64ca280f00ff0623d007.svg 200 1.104 ms - 2415 
GET /assets/images/icons/star-offe9ddc035595a1db4743e.svg 200 0.944 ms - 532 
GET /assets/images/icons/star-onb0e73841f6db8e108831.svg 200 1.173 ms - 529 
GET /api/products 304 48.454 ms - - 
GET /assets/images/fav-furniture.png 200 1.087 ms - 22302 
GET /assets/images/icons/crosse66d907701c789759d87.svg 200 5.552 ms - 492 
POST /api/users/adduser 201 176.872 ms - 55 
POST /user/adduser 302 302.253 ms - 334 
GET /api/products 200 61.196 ms - 1214219 
GET /?msgSignSuccessfully=%D0%9F%D0%BE%D0%BB%D1%8C%D0%B7%D0%BE%D0%B2%D0%B0%D1%82%D0%B5%D0%BB%D1%8C%20%D0%B4%D0%BE%D0%B1%D0%B0%D0%B2%D0%BB%D0%B5%D0%BD 200 345.303 ms - 21951 
GET /assets/css/common.css 304 1.708 ms - - 
GET /assets/css/index.css 304 0.684 ms - - 
GET /assets/js/common.js 304 0.984 ms - - 
GET /assets/js/index.js 304 5.073 ms - - 
GET /assets/images/logo-light.png 304 2.413 ms - - 
GET /assets/js/common.js 200 2.297 ms - 12727 
GET /assets/js/index.js 200 0.685 ms - 4605 
GET /assets/images/icons/basket64ca280f00ff0623d007.svg 304 1.201 ms - - 
GET /assets/images/icons/star-offe9ddc035595a1db4743e.svg 304 0.777 ms - - 
GET /assets/images/icons/star-onb0e73841f6db8e108831.svg 304 0.562 ms - - 
GET /api/products 304 62.903 ms - - 
GET /assets/images/icons/crosse66d907701c789759d87.svg 304 0.743 ms - - 
POST /api/users/authuser 200 75.471 ms - 32 
GET /assets/css/common.css 304 35.248 ms - - 
GET /assets/js/common.js 304 8.550 ms - - 
GET /assets/images/logo-light.png 304 6.761 ms - - 
GET /assets/css/admin.css 200 31.286 ms - 3956 
GET /assets/js/admin.js 200 11.852 ms - 4582 
GET /assets/js/admin.js 200 1.694 ms - 4582 
POST /admin/authadmin 200 188.936 ms - 6503 
GET /assets/images/icons/pic5f1a04e4abce0569eb49.svg 200 8.660 ms - 712 
GET /api/products 200 54.800 ms - 1214219 
GET / 304 199.385 ms - - 
GET /assets/css/common.css 304 4.123 ms - - 
GET /assets/css/index.css 304 11.990 ms - - 
GET /assets/js/common.js 304 13.917 ms - - 
GET /assets/js/index.js 304 13.070 ms - - 
GET /assets/images/logo-light.png 304 3.677 ms - - 
GET /assets/images/icons/basket64ca280f00ff0623d007.svg 304 1.963 ms - - 
GET /assets/images/icons/star-offe9ddc035595a1db4743e.svg 304 4.093 ms - - 
GET /assets/images/icons/star-onb0e73841f6db8e108831.svg 304 3.378 ms - - 
GET /api/products 304 49.450 ms - - 
GET /assets/images/icons/crosse66d907701c789759d87.svg 304 10.798 ms - - 
GET /admin 302 11.295 ms - 46 
GET /api/products 200 67.953 ms - 1214219 
GET / 304 440.628 ms - - 
GET /assets/css/common.css 304 2.470 ms - - 
GET /assets/css/index.css 304 2.958 ms - - 
GET /assets/js/common.js 304 0.743 ms - - 
GET /assets/js/index.js 304 0.469 ms - - 
GET /assets/images/logo-light.png 304 1.039 ms - - 
GET /assets/images/icons/basket64ca280f00ff0623d007.svg 304 0.578 ms - - 
GET /assets/images/icons/star-offe9ddc035595a1db4743e.svg 304 0.664 ms - - 
GET /assets/images/icons/star-onb0e73841f6db8e108831.svg 304 0.482 ms - - 
GET /api/products 304 45.369 ms - - 
GET /assets/images/fav-furniture.png 304 0.515 ms - - 
GET /admin 302 0.839 ms - 46 
GET /api/products 200 42.128 ms - 1214219 
GET / 304 148.225 ms - - 
GET /assets/css/common.css 304 0.737 ms - - 
GET /assets/css/index.css 304 1.296 ms - - 
GET /assets/js/common.js 304 0.567 ms - - 
GET /assets/js/index.js 304 0.692 ms - - 
GET /assets/images/logo-light.png 304 0.570 ms - - 
GET /api/products 304 50.744 ms - - 
GET /assets/images/icons/crosse66d907701c789759d87.svg 304 16.805 ms - - 
POST /api/users/authuser 404 8.919 ms - 64 
POST /admin/authadmin 302 28.593 ms - 176 
GET /api/products 200 60.788 ms - 1214219 
GET /?msgLoginAdminError=Request%20failed%20with%20status%20code%20404 200 355.184 ms - 21951 
GET /assets/css/common.css 304 5.439 ms - - 
GET /assets/css/index.css 304 0.421 ms - - 
GET /assets/js/common.js 304 1.498 ms - - 
GET /assets/js/index.js 304 2.618 ms - - 
GET /assets/images/logo-light.png 304 5.852 ms - - 
GET /assets/images/icons/basket64ca280f00ff0623d007.svg 304 0.616 ms - - 
GET /assets/images/icons/star-offe9ddc035595a1db4743e.svg 304 0.960 ms - - 
GET /assets/images/icons/star-onb0e73841f6db8e108831.svg 304 2.057 ms - - 
GET /api/products 304 52.677 ms - - 
POST /api/users/authuser 404 3.916 ms - 64 
POST /admin/authadmin 302 11.410 ms - 176 
GET /api/products 200 55.210 ms - 1214219 
GET /?msgLoginAdminError=Request%20failed%20with%20status%20code%20404 304 222.509 ms - - 
GET /assets/css/common.css 304 1.060 ms - - 
GET /assets/css/index.css 304 1.084 ms - - 
GET /assets/js/common.js 304 5.774 ms - - 
GET /assets/js/index.js 304 1.742 ms - - 
GET /assets/images/logo-light.png 304 0.915 ms - - 
GET /assets/images/icons/basket64ca280f00ff0623d007.svg 304 1.782 ms - - 
GET /assets/images/icons/star-offe9ddc035595a1db4743e.svg 304 2.094 ms - - 
GET /assets/images/icons/star-onb0e73841f6db8e108831.svg 304 2.257 ms - - 
GET /api/products 304 60.239 ms - - 
GET /assets/images/icons/crosse66d907701c789759d87.svg 200 18.116 ms - 492 
POST /api/users/authuser 200 101.791 ms - 32 
POST /admin/authadmin 302 120.509 ms - 56 
GET /admin 200 236.507 ms - 6503 
GET /assets/css/common.css 200 3.211 ms - 14687 
GET /assets/css/admin.css 200 2.462 ms - 3956 
GET /assets/js/common.js 200 3.829 ms - 12772 
GET /assets/images/logo-light.png 200 3.078 ms - 44211 
GET /assets/js/admin.js 200 2.245 ms - 4582 
GET /assets/js/common.js 200 4.777 ms - 12772 
GET /assets/images/icons/pic5f1a04e4abce0569eb49.svg 200 2.306 ms - 712 
GET /api/products 200 145.230 ms - 1214219 
GET / 304 286.550 ms - - 
GET /assets/css/common.css 304 8.336 ms - - 
GET /assets/css/index.css 200 9.439 ms - 2053 
GET /assets/js/common.js 304 7.957 ms - - 
GET /assets/images/logo-light.png 304 10.747 ms - - 
GET /assets/js/index.js 200 11.305 ms - 4605 
GET /assets/js/index.js 200 9.106 ms - 4605 
GET /assets/images/icons/basket64ca280f00ff0623d007.svg 200 5.288 ms - 2415 
GET /assets/images/icons/star-offe9ddc035595a1db4743e.svg 200 7.490 ms - 532 
GET /assets/images/icons/star-onb0e73841f6db8e108831.svg 200 2.590 ms - 529 
GET /api/products 304 48.685 ms - - 
GET /admin 304 89.633 ms - - 
GET /assets/css/common.css 304 5.970 ms - - 
GET /assets/css/admin.css 304 3.161 ms - - 
GET /assets/js/common.js 304 6.177 ms - - 
GET /assets/js/admin.js 304 5.561 ms - - 
GET /assets/images/logo-light.png 304 5.426 ms - - 
GET /assets/images/icons/pic5f1a04e4abce0569eb49.svg 304 8.116 ms - - 
GET /api/products 200 53.832 ms - 1214219 
GET / 304 221.022 ms - - 
GET /assets/css/common.css 304 0.551 ms - - 
GET /assets/css/index.css 304 0.576 ms - - 
GET /assets/js/common.js 304 1.194 ms - - 
GET /assets/js/index.js 304 1.952 ms - - 
GET /assets/images/logo-light.png 304 2.003 ms - - 
GET /assets/images/icons/basket64ca280f00ff0623d007.svg 304 0.525 ms - - 
GET /assets/images/icons/star-offe9ddc035595a1db4743e.svg 304 1.391 ms - - 
GET /assets/images/icons/star-onb0e73841f6db8e108831.svg 304 0.887 ms - - 
GET /api/products 304 53.826 ms - - 
GET /admin 302 1.760 ms - 46 
GET /api/products 200 45.597 ms - 1214219 
GET / 304 191.680 ms - - 
GET /assets/css/common.css 304 0.928 ms - - 
GET /assets/css/index.css 304 0.584 ms - - 
GET /assets/js/common.js 304 2.168 ms - - 
GET /assets/js/index.js 304 5.195 ms - - 
GET /assets/images/logo-light.png 304 7.555 ms - - 
GET /assets/images/icons/basket64ca280f00ff0623d007.svg 304 0.756 ms - - 
GET /assets/images/icons/star-offe9ddc035595a1db4743e.svg 304 1.030 ms - - 
GET /assets/images/icons/star-onb0e73841f6db8e108831.svg 304 0.441 ms - - 
GET /api/products 304 47.234 ms - - 
GET /assets/images/icons/crosse66d907701c789759d87.svg 304 5.963 ms - - 
POST /api/users/authuser 404 17.703 ms - 64 
POST /admin/authadmin 302 29.568 ms - 176 
GET /api/products 200 83.137 ms - 1214219 
GET /?msgLoginAdminError=Request%20failed%20with%20status%20code%20404 304 192.416 ms - - 
GET /assets/css/common.css 304 0.951 ms - - 
GET /assets/css/index.css 304 0.966 ms - - 
GET /assets/js/common.js 304 0.492 ms - - 
GET /assets/js/index.js 304 0.648 ms - - 
GET /assets/images/logo-light.png 304 0.351 ms - - 
GET /assets/images/icons/basket64ca280f00ff0623d007.svg 304 0.434 ms - - 
GET /assets/images/icons/star-offe9ddc035595a1db4743e.svg 304 0.544 ms - - 
GET /assets/images/icons/star-onb0e73841f6db8e108831.svg 304 0.486 ms - - 
GET /api/products 304 72.285 ms - - 
GET /assets/images/icons/crosse66d907701c789759d87.svg 304 0.436 ms - - 
GET /assets/css/common.css 304 1.104 ms - - 
GET /assets/css/index.css 304 1.029 ms - - 
POST / 404 7.995 ms - 140 
POST / 404 0.655 ms - 140 
POST /api/users/authuser 200 81.857 ms - 30 
POST /admin/authadmin 302 90.787 ms - 260 
GET /api/products 200 48.692 ms - 1214219 
GET /?msgLoginAdminError=%D0%94%D0%BE%D1%81%D1%82%D1%83%D0%BF%20%D0%B7%D0%B0%D0%BF%D1%80%D0%B5%D1%89%D0%B5%D0%BD 200 161.095 ms - 21951 
GET /assets/css/common.css 200 1.154 ms - 14687 
GET /assets/css/index.css 200 5.031 ms - 2053 
GET /assets/js/common.js 200 2.088 ms - 12772 
GET /assets/js/index.js 200 1.992 ms - 4605 
GET /assets/images/logo-light.png 200 2.105 ms - 44211 
GET /assets/images/icons/basket64ca280f00ff0623d007.svg 200 1.215 ms - 2415 
GET /assets/images/icons/star-offe9ddc035595a1db4743e.svg 200 0.698 ms - 532 
GET /assets/images/icons/star-onb0e73841f6db8e108831.svg 200 0.667 ms - 529 
GET /assets/js/common.js 304 0.712 ms - - 
GET /assets/js/index.js 304 0.574 ms - - 
GET /api/products 200 43.048 ms - 1214219 
GET /assets/images/icons/crosse66d907701c789759d87.svg 200 1.756 ms - 492 
POST /api/users/authuser 404 15.579 ms - 64 
POST /admin/authadmin 302 45.821 ms - 176 
GET /api/products 200 71.064 ms - 1214219 
GET /?msgLoginAdminError=Request%20failed%20with%20status%20code%20404 200 369.133 ms - 21951 
GET /assets/css/common.css 200 1.875 ms - 14687 
GET /assets/css/index.css 200 1.096 ms - 2053 
GET /assets/js/common.js 200 1.262 ms - 12772 
GET /assets/js/index.js 200 1.774 ms - 4605 
GET /assets/images/logo-light.png 200 1.527 ms - 44211 
GET /assets/images/icons/basket64ca280f00ff0623d007.svg 200 0.919 ms - 2415 
GET /assets/images/icons/star-offe9ddc035595a1db4743e.svg 200 0.887 ms - 532 
GET /assets/images/icons/star-onb0e73841f6db8e108831.svg 200 5.215 ms - 529 
GET /api/products 200 75.251 ms - 1214219 
GET /assets/images/icons/crosse66d907701c789759d87.svg 200 4.388 ms - 492 
POST /api/users/authuser 404 12.271 ms - 64 
POST /admin/authadmin 302 70.343 ms - 176 
GET /api/products 200 70.767 ms - 1214219 
GET /?msgLoginAdminError=Request%20failed%20with%20status%20code%20404 200 373.734 ms - 21951 
GET /assets/css/common.css 200 2.002 ms - 14687 
GET /assets/css/index.css 200 3.894 ms - 2053 
GET /assets/js/common.js 200 1.723 ms - 12772 
GET /assets/js/index.js 200 2.143 ms - 4605 
GET /assets/images/logo-light.png 200 1.767 ms - 44211 
GET /assets/js/common.js 304 4.995 ms - - 
GET /assets/js/index.js 304 8.430 ms - - 
GET /assets/images/icons/basket64ca280f00ff0623d007.svg 200 22.347 ms - 2415 
GET /assets/images/icons/star-offe9ddc035595a1db4743e.svg 200 26.934 ms - 532 
GET /assets/images/icons/star-onb0e73841f6db8e108831.svg 200 27.696 ms - 529 
GET /api/products 200 85.736 ms - 1214219 
GET /assets/images/icons/crosse66d907701c789759d87.svg 200 1.099 ms - 492 
POST / 404 33.231 ms - 140 
POST /api/users/authuser 404 11.758 ms - 64 
POST /admin/authadmin 500 31.458 ms - 34 
GET /favicon.ico 404 2.289 ms - 150 
GET /assets/css/common.css 304 2.130 ms - - 
GET /assets/css/index.css 304 0.837 ms - - 
POST /api/users/authuser 404 4.156 ms - 64 
POST /admin/authadmin 500 10.677 ms - 34 
POST /api/users/authuser 404 17.831 ms - 64 
POST /admin/authadmin 500 42.890 ms - 34 
POST /api/users/authuser 404 17.563 ms - 64 
POST /admin/authadmin 500 85.110 ms - 34 
GET /api/products 200 81.117 ms - 1214219 
GET / 200 1315.873 ms - 21951 
GET /assets/css/common.css 200 3.133 ms - 14687 
GET /assets/css/index.css 200 0.789 ms - 2053 
GET /assets/js/common.js 200 4.826 ms - 12772 
GET /assets/js/index.js 200 4.759 ms - 4605 
GET /assets/images/logo-light.png 200 3.401 ms - 44211 
GET /assets/images/icons/basket64ca280f00ff0623d007.svg 200 0.938 ms - 2415 
GET /assets/images/icons/star-offe9ddc035595a1db4743e.svg 200 1.743 ms - 532 
GET /assets/images/icons/star-onb0e73841f6db8e108831.svg 200 1.219 ms - 529 
GET /api/products 200 65.093 ms - 1214219 
GET /assets/images/icons/crosse66d907701c789759d87.svg 200 3.382 ms - 492 
POST /api/users/authuser 404 6.462 ms - 64 
POST /admin/authadmin 500 38.884 ms - 34 
GET /assets/css/common.css 304 5.362 ms - - 
GET /assets/css/index.css 304 10.771 ms - - 
POST /api/users/authuser 404 27.046 ms - 64 
POST /admin/authadmin 500 90.641 ms - 34 
POST /api/users/authuser 404 13.910 ms - 64 
POST /admin/authadmin 500 53.591 ms - 34 
POST /api/users/authuser 404 15.835 ms - 64 
POST /admin/authadmin 500 76.634 ms - 34 
POST /api/users/authuser 404 12.935 ms - 64 
POST /admin/authadmin 500 50.898 ms - 34 
POST /api/users/authuser 404 27.004 ms - 64 
GET /api/products 200 60.720 ms - 1214219 
GET /?msgLoginAdminError=Request%20failed%20with%20status%20code%20404 200 348.072 ms - 21951 
GET /assets/css/common.css 200 5.703 ms - 14687 
GET /assets/css/index.css 200 3.719 ms - 2053 
GET /assets/js/common.js 200 0.884 ms - 12772 
GET /assets/js/index.js 200 4.982 ms - 4605 
GET /assets/images/logo-light.png 200 4.910 ms - 44211 
GET /assets/images/icons/basket64ca280f00ff0623d007.svg 200 0.821 ms - 2415 
GET /assets/images/icons/star-offe9ddc035595a1db4743e.svg 200 0.902 ms - 532 
GET /assets/images/icons/star-onb0e73841f6db8e108831.svg 200 0.831 ms - 529 
GET /assets/js/common.js 304 0.804 ms - - 
GET /assets/js/index.js 304 0.690 ms - - 
GET /api/products 200 42.346 ms - 1214219 
GET /assets/images/icons/crosse66d907701c789759d87.svg 200 2.043 ms - 492 
GET /assets/images/fav-furniture.png 200 6.244 ms - 22302 
GET /api/products 200 67.938 ms - 1214219 
GET / 200 231.402 ms - 21951 
GET /assets/css/common.css 200 0.879 ms - 14687 
GET /assets/css/index.css 200 0.813 ms - 2053 
GET /assets/js/common.js 200 2.655 ms - 12772 
GET /assets/js/index.js 200 2.463 ms - 4605 
GET /assets/images/logo-light.png 200 2.681 ms - 44211 
GET /assets/images/icons/basket64ca280f00ff0623d007.svg 200 1.321 ms - 2415 
GET /assets/images/icons/star-offe9ddc035595a1db4743e.svg 200 1.698 ms - 532 
GET /assets/images/icons/star-onb0e73841f6db8e108831.svg 200 2.949 ms - 529 
GET /api/products 200 67.821 ms - 1214219 
GET /assets/images/icons/crosse66d907701c789759d87.svg 200 2.118 ms - 492 
POST /api/users/authuser 404 4.510 ms - 64 
GET /api/products 200 69.166 ms - 1214219 
GET / 200 414.265 ms - 21951 
GET /assets/css/common.css 200 2.268 ms - 14687 
GET /assets/css/index.css 200 0.959 ms - 2053 
GET /assets/js/common.js 200 6.758 ms - 12772 
GET /assets/js/index.js 200 8.493 ms - 4605 
GET /assets/images/logo-light.png 200 10.415 ms - 44211 
GET /assets/js/common.js 304 5.728 ms - - 
GET /assets/js/index.js 304 2.213 ms - - 
GET /assets/images/icons/basket64ca280f00ff0623d007.svg 200 4.783 ms - 2415 
GET /assets/images/icons/star-offe9ddc035595a1db4743e.svg 200 2.157 ms - 532 
GET /assets/images/icons/star-onb0e73841f6db8e108831.svg 200 2.073 ms - 529 
GET /api/products 200 31.354 ms - 1214219 
GET /assets/images/fav-furniture.png 200 1.314 ms - 22302 
GET /assets/images/icons/crosse66d907701c789759d87.svg 200 2.634 ms - 492 
POST /api/users/authuser 404 9.017 ms - 64 
POST /admin/authadmin 302 39.368 ms - 176 
GET /api/products 200 41.569 ms - 1214219 
GET /?msgLoginAdminError=Request%20failed%20with%20status%20code%20404 200 139.671 ms - 21951 
GET /assets/css/common.css 200 1.394 ms - 14687 
GET /assets/css/index.css 200 1.420 ms - 2053 
GET /assets/js/common.js 200 6.648 ms - 12772 
GET /assets/js/index.js 200 1.637 ms - 4605 
GET /assets/images/logo-light.png 200 0.809 ms - 44211 
GET /assets/images/icons/basket64ca280f00ff0623d007.svg 200 0.713 ms - 2415 
GET /assets/images/icons/star-offe9ddc035595a1db4743e.svg 200 6.791 ms - 532 
GET /assets/images/icons/star-onb0e73841f6db8e108831.svg 200 11.856 ms - 529 
GET /api/products 200 72.102 ms - 1214219 
GET /assets/images/icons/crosse66d907701c789759d87.svg 200 0.792 ms - 492 
POST /api/users/authuser 404 6.092 ms - 64 
POST /admin/authadmin 302 11.082 ms - 176 
GET /api/products 200 70.636 ms - 1214219 
GET /?msgLoginAdminError=Request%20failed%20with%20status%20code%20404 200 243.819 ms - 21951 
GET /assets/css/common.css 200 1.005 ms - 14687 
GET /assets/css/index.css 200 3.283 ms - 2053 
GET /assets/js/common.js 200 10.659 ms - 12772 
GET /assets/js/index.js 200 2.022 ms - 4605 
GET /assets/images/logo-light.png 200 3.608 ms - 44211 
GET /assets/js/common.js 304 3.999 ms - - 
GET /assets/js/index.js 304 0.434 ms - - 
GET /assets/images/icons/basket64ca280f00ff0623d007.svg 200 0.688 ms - 2415 
GET /assets/images/icons/star-offe9ddc035595a1db4743e.svg 200 4.275 ms - 532 
GET /assets/images/icons/star-onb0e73841f6db8e108831.svg 200 6.245 ms - 529 
GET /api/products 200 75.402 ms - 1214219 
GET /assets/images/icons/crosse66d907701c789759d87.svg 200 0.910 ms - 492 
POST /api/users/authuser 404 26.006 ms - 64 
POST /admin/authadmin 302 111.314 ms - 386 
GET /api/products 200 70.455 ms - 1214219 
GET /?msgLoginAdminError=%D0%9F%D0%BE%D0%BB%D1%8C%D0%B7%D0%BE%D0%B2%D0%B0%D1%82%D0%B5%D0%BB%D1%8F%20%D0%BD%D0%B5%20%D1%81%D1%83%D1%89%D0%B5%D1%81%D1%82%D0%B2%D1%83%D0%B5%D1%82 200 363.561 ms - 21951 
GET /assets/css/common.css 200 2.742 ms - 14687 
GET /assets/css/index.css 200 1.205 ms - 2053 
GET /assets/js/common.js 200 1.040 ms - 12772 
GET /assets/js/index.js 200 2.713 ms - 4605 
GET /assets/images/logo-light.png 200 1.620 ms - 44211 
GET /assets/images/icons/basket64ca280f00ff0623d007.svg 200 1.005 ms - 2415 
GET /assets/images/icons/star-offe9ddc035595a1db4743e.svg 200 2.438 ms - 532 
GET /assets/images/icons/star-onb0e73841f6db8e108831.svg 200 2.186 ms - 529 
GET /api/products 200 60.059 ms - 1214219 
GET /assets/images/icons/crosse66d907701c789759d87.svg 200 2.151 ms - 492 
POST /api/users/authuser 401 105.438 ms - 43 
POST /admin/authadmin 302 117.426 ms - 260 
GET /api/products 200 54.334 ms - 1214219 
GET /?msgLoginAdminError=%D0%9D%D0%B5%D0%B2%D0%B5%D1%80%D0%BD%D1%8B%D0%B9%20%D0%BF%D0%B0%D1%80%D0%BE%D0%BB%D1%8C 200 223.997 ms - 21951 
GET /assets/css/common.css 200 1.712 ms - 14687 
GET /assets/css/index.css 200 7.574 ms - 2053 
GET /assets/js/common.js 200 0.864 ms - 12772 
GET /assets/js/index.js 200 0.631 ms - 4605 
GET /assets/images/logo-light.png 200 0.833 ms - 44211 
GET /assets/images/icons/basket64ca280f00ff0623d007.svg 200 0.733 ms - 2415 
GET /assets/images/icons/star-offe9ddc035595a1db4743e.svg 200 0.708 ms - 532 
GET /assets/images/icons/star-onb0e73841f6db8e108831.svg 200 1.682 ms - 529 
GET /assets/js/common.js 304 4.903 ms - - 
GET /assets/js/index.js 304 0.820 ms - - 
GET /api/products 200 69.809 ms - 1214219 
GET /assets/images/icons/crosse66d907701c789759d87.svg 200 2.641 ms - 492 
POST /api/users/authuser 200 75.994 ms - 30 
POST /admin/authadmin 500 79.651 ms - 34 
GET /assets/css/common.css 304 1.453 ms - - 
GET /assets/css/index.css 304 2.762 ms - - 
POST /api/users/authuser 200 102.181 ms - 30 
POST /admin/authadmin 500 145.396 ms - 34 
POST /api/users/authuser 200 113.115 ms - 30 
POST /admin/authadmin 500 185.718 ms - 34 
GET /api/products 200 84.045 ms - 1214219 
GET / 200 523.430 ms - 21951 
GET /assets/css/common.css 200 13.309 ms - 14687 
GET /assets/css/index.css 200 10.839 ms - 2053 
GET /assets/js/common.js 200 1.047 ms - 12772 
GET /assets/js/index.js 200 10.928 ms - 4605 
GET /assets/images/logo-light.png 200 5.354 ms - 44211 
GET /assets/images/icons/basket64ca280f00ff0623d007.svg 200 10.296 ms - 2415 
GET /assets/images/icons/star-offe9ddc035595a1db4743e.svg 200 4.588 ms - 532 
GET /assets/images/icons/star-onb0e73841f6db8e108831.svg 200 11.718 ms - 529 
GET /api/products 200 80.966 ms - 1214219 
GET /assets/images/icons/crosse66d907701c789759d87.svg 200 14.752 ms - 492 
POST /api/users/authuser 401 96.990 ms - 43 
POST /admin/authadmin 302 118.596 ms - 260 
GET /api/products 200 52.607 ms - 1214219 
GET /?msgLoginAdminError=%D0%9D%D0%B5%D0%B2%D0%B5%D1%80%D0%BD%D1%8B%D0%B9%20%D0%BF%D0%B0%D1%80%D0%BE%D0%BB%D1%8C 200 358.159 ms - 21951 
GET /assets/css/common.css 200 3.335 ms - 14687 
GET /assets/css/index.css 200 3.208 ms - 2053 
GET /assets/js/common.js 200 10.376 ms - 12772 
GET /assets/js/index.js 200 0.802 ms - 4605 
GET /assets/images/logo-light.png 200 0.960 ms - 44211 
GET /assets/js/common.js 304 1.446 ms - - 
GET /assets/js/index.js 304 12.699 ms - - 
GET /assets/images/icons/basket64ca280f00ff0623d007.svg 200 4.074 ms - 2415 
GET /assets/images/icons/star-offe9ddc035595a1db4743e.svg 200 10.343 ms - 532 
GET /assets/images/icons/star-onb0e73841f6db8e108831.svg 200 22.023 ms - 529 
GET /api/products 200 68.914 ms - 1214219 
GET /assets/images/icons/crosse66d907701c789759d87.svg 200 1.028 ms - 492 
POST /api/users/authuser 200 81.792 ms - 30 
POST /admin/authadmin 500 104.232 ms - 34 
GET /assets/css/common.css 304 12.782 ms - - 
GET /assets/css/index.css 304 32.406 ms - - 
POST /api/users/authuser 200 106.533 ms - 30 
POST /admin/authadmin 403 203.561 ms - 43 
POST /api/users/authuser 200 123.261 ms - 30 
POST /api/users/authuser 200 126.168 ms - 30 
POST /admin/authadmin 302 214.193 ms - 260 
GET /api/products 200 74.650 ms - 1214219 
GET /?msgLoginAdminError=%D0%94%D0%BE%D1%81%D1%82%D1%83%D0%BF%20%D0%B7%D0%B0%D0%BF%D1%80%D0%B5%D1%89%D0%B5%D0%BD 200 388.381 ms - 21951 
GET /assets/css/common.css 200 8.341 ms - 14687 
GET /assets/css/index.css 200 3.962 ms - 2053 
GET /assets/js/common.js 200 7.222 ms - 12772 
GET /assets/js/index.js 200 1.387 ms - 4605 
GET /assets/images/logo-light.png 200 4.032 ms - 44211 
GET /assets/images/icons/basket64ca280f00ff0623d007.svg 200 1.907 ms - 2415 
GET /assets/images/icons/star-offe9ddc035595a1db4743e.svg 200 8.971 ms - 532 
GET /assets/images/icons/star-onb0e73841f6db8e108831.svg 200 7.971 ms - 529 
GET /api/products 200 83.717 ms - 1214219 
GET /assets/images/icons/crosse66d907701c789759d87.svg 200 1.138 ms - 492 
GET /api/products/getproduct?id=629b72f5e4c0d18770d9de7b 200 87.637 ms - 117985 
GET /product?id=629b72f5e4c0d18770d9de7b 200 197.112 ms - 5771 
GET /assets/css/common.css 200 1.060 ms - 14687 
GET /assets/css/product.css 200 0.952 ms - 940 
GET /assets/js/common.js 200 0.663 ms - 12772 
GET /assets/js/product.js 200 4.872 ms - 9229 
GET /assets/images/logo-light.png 200 5.260 ms - 44211 
GET /assets/js/common.js 304 1.215 ms - - 
GET /assets/images/icons/basket64ca280f00ff0623d007.svg 200 2.029 ms - 2415 
GET /assets/js/product.js 200 1.482 ms - 9229 
GET /assets/images/icons/star-offe9ddc035595a1db4743e.svg 200 1.650 ms - 532 
GET /api/products/getproduct?id=629b72f5e4c0d18770d9de7b 200 9.016 ms - 117985 
GET /assets/images/icons/arrowscc29908431ba57d20d57.svg 200 1.287 ms - 270 
GET /assets/images/icons/crosse66d907701c789759d87.svg 200 2.883 ms - 492 
POST /api/users/authuser 404 8.573 ms - 64 
POST /admin/authadmin 302 20.867 ms - 386 
GET /api/products 200 112.039 ms - 1214219 
GET /?msgLoginAdminError=%D0%9F%D0%BE%D0%BB%D1%8C%D0%B7%D0%BE%D0%B2%D0%B0%D1%82%D0%B5%D0%BB%D1%8F%20%D0%BD%D0%B5%20%D1%81%D1%83%D1%89%D0%B5%D1%81%D1%82%D0%B2%D1%83%D0%B5%D1%82 200 216.815 ms - 21951 
GET /assets/css/common.css 200 8.871 ms - 14687 
GET /assets/css/index.css 200 6.429 ms - 2053 
GET /assets/js/common.js 200 1.642 ms - 12772 
GET /assets/js/index.js 200 0.721 ms - 4605 
GET /assets/images/logo-light.png 200 0.573 ms - 44211 
GET /assets/js/index.js 304 4.322 ms - - 
GET /assets/images/icons/basket64ca280f00ff0623d007.svg 200 12.124 ms - 2415 
GET /assets/images/icons/star-offe9ddc035595a1db4743e.svg 200 3.198 ms - 532 
GET /assets/images/icons/star-onb0e73841f6db8e108831.svg 200 19.819 ms - 529 
GET /api/products 200 69.152 ms - 1214219 
GET /assets/images/icons/crosse66d907701c789759d87.svg 200 1.044 ms - 492 
POST /api/users/authuser 200 79.965 ms - 30 
POST /admin/authadmin 302 86.861 ms - 260 
GET /api/products 200 47.720 ms - 1214219 
GET /?msgLoginAdminError=%D0%94%D0%BE%D1%81%D1%82%D1%83%D0%BF%20%D0%B7%D0%B0%D0%BF%D1%80%D0%B5%D1%89%D0%B5%D0%BD 200 212.768 ms - 21951 
GET /assets/css/common.css 200 1.124 ms - 14687 
GET /assets/css/index.css 200 0.550 ms - 2053 
GET /assets/js/common.js 200 3.523 ms - 12772 
GET /assets/js/index.js 200 0.988 ms - 4605 
GET /assets/images/logo-light.png 200 0.589 ms - 44211 
GET /assets/images/icons/basket64ca280f00ff0623d007.svg 200 2.257 ms - 2415 
GET /assets/images/icons/star-offe9ddc035595a1db4743e.svg 200 8.609 ms - 532 
GET /assets/images/icons/star-onb0e73841f6db8e108831.svg 200 2.388 ms - 529 
GET /assets/js/common.js 304 0.690 ms - - 
GET /api/products 200 46.064 ms - 1214219 
GET /assets/images/icons/crosse66d907701c789759d87.svg 200 0.968 ms - 492 
GET /api/products 200 75.871 ms - 1214219 
GET / 200 482.484 ms - 21951 
GET /assets/css/common.css 200 3.556 ms - 14687 
GET /assets/css/index.css 200 0.928 ms - 2053 
GET /assets/js/common.js 200 1.946 ms - 12772 
GET /assets/js/index.js 200 2.014 ms - 4605 
GET /assets/images/logo-light.png 200 4.899 ms - 44211 
GET /assets/js/index.js 304 2.723 ms - - 
GET /assets/images/icons/basket64ca280f00ff0623d007.svg 200 0.893 ms - 2415 
GET /assets/images/icons/star-offe9ddc035595a1db4743e.svg 200 10.181 ms - 532 
GET /assets/images/icons/star-onb0e73841f6db8e108831.svg 200 0.669 ms - 529 
GET /api/products 200 117.631 ms - 1214219 
GET /assets/images/fav-furniture.png 200 2.159 ms - 22302 
GET /api/products/getproduct?id=629b72f5e4c0d18770d9de68 200 29.239 ms - 91114 
GET /product?id=629b72f5e4c0d18770d9de68 200 155.332 ms - 5769 
GET /assets/css/common.css 200 0.766 ms - 14687 
GET /assets/css/product.css 200 0.820 ms - 940 
GET /assets/js/common.js 200 6.036 ms - 12772 
GET /assets/js/product.js 200 4.775 ms - 9229 
GET /assets/images/logo-light.png 200 9.185 ms - 44211 
GET /assets/js/common.js 304 7.385 ms - - 
GET /assets/images/icons/basket64ca280f00ff0623d007.svg 200 24.771 ms - 2415 
GET /assets/images/icons/star-offe9ddc035595a1db4743e.svg 200 13.134 ms - 532 
GET /api/products/getproduct?id=629b72f5e4c0d18770d9de68 200 6.359 ms - 91114 
GET /assets/images/icons/arrowscc29908431ba57d20d57.svg 200 3.987 ms - 270 
GET /assets/images/icons/crosse66d907701c789759d87.svg 200 2.262 ms - 492 
POST /api/users/authuser 200 99.817 ms - 30 
GET /assets/css/common.css 304 8.301 ms - - 
GET /assets/css/product.css 304 11.753 ms - - 
POST /api/users/authuser 200 104.546 ms - 30 
POST /admin/authadmin 302 124.541 ms - 376 
GET /api/products/getproduct?id=629b72f5e4c0d18770d9de68 200 17.292 ms - 91114 
GET /product?id=629b72f5e4c0d18770d9de68&msgLoginAdminError=%D0%94%D0%BE%D1%81%D1%82%D1%83%D0%BF+%D0%B7%D0%B0%D0%BF%D1%80%D0%B5%D1%89%D0%B5%D0%BD 200 345.267 ms - 5769 
GET /assets/css/common.css 200 4.876 ms - 14687 
GET /assets/css/product.css 200 17.539 ms - 940 
GET /assets/js/common.js 200 8.118 ms - 12772 
GET /assets/js/product.js 200 4.418 ms - 9229 
GET /assets/images/logo-light.png 200 5.132 ms - 44211 
GET /assets/js/product.js 304 0.807 ms - - 
GET /assets/images/icons/basket64ca280f00ff0623d007.svg 200 15.211 ms - 2415 
GET /assets/images/icons/star-offe9ddc035595a1db4743e.svg 200 17.390 ms - 532 
GET /api/products/getproduct?id=629b72f5e4c0d18770d9de68 200 11.460 ms - 91114 
GET /assets/images/icons/arrowscc29908431ba57d20d57.svg 200 0.776 ms - 270 
GET /assets/images/icons/crosse66d907701c789759d87.svg 200 0.870 ms - 492 
GET /api/products 200 54.420 ms - 1214219 
GET / 200 185.910 ms - 21951 
GET /assets/css/common.css 200 1.114 ms - 14687 
GET /assets/css/index.css 200 2.248 ms - 2053 
GET /assets/js/common.js 200 1.057 ms - 12772 
GET /assets/js/index.js 200 4.813 ms - 4605 
GET /assets/images/logo-light.png 200 11.906 ms - 44211 
GET /assets/images/icons/basket64ca280f00ff0623d007.svg 200 0.759 ms - 2415 
GET /assets/js/common.js 304 0.568 ms - - 
GET /assets/images/icons/star-offe9ddc035595a1db4743e.svg 200 1.572 ms - 532 
GET /assets/images/icons/star-onb0e73841f6db8e108831.svg 200 0.797 ms - 529 
GET /api/products 200 80.003 ms - 1214219 
GET /assets/images/icons/crosse66d907701c789759d87.svg 200 2.934 ms - 492 
POST /api/users/authuser 200 77.143 ms - 30 
GET /api/products 200 42.627 ms - 1214219 
POST /authuser 200 289.689 ms - 22015 
GET /assets/css/index.css 200 3.445 ms - 2053 
GET /assets/css/common.css 200 13.387 ms - 14687 
GET /assets/js/common.js 200 9.192 ms - 12772 
GET /assets/js/index.js 200 28.699 ms - 4605 
GET /assets/images/logo-light.png 200 40.002 ms - 44211 
GET /assets/js/index.js 304 19.732 ms - - 
GET /assets/images/icons/basket64ca280f00ff0623d007.svg 200 21.529 ms - 2415 
GET /assets/images/icons/star-offe9ddc035595a1db4743e.svg 200 25.469 ms - 532 
GET /assets/images/icons/star-onb0e73841f6db8e108831.svg 200 26.052 ms - 529 
GET /api/products 200 59.435 ms - 1214219 
GET /assets/images/icons/crosse66d907701c789759d87.svg 200 8.086 ms - 492 
POST /api/users/authuser 404 4.181 ms - 64 
POST /admin/authadmin 302 11.140 ms - 436 
GET /authuser?msgLoginAdminError=%D0%9F%D0%BE%D0%BB%D1%8C%D0%B7%D0%BE%D0%B2%D0%B0%D1%82%D0%B5%D0%BB%D1%8F+%D0%BD%D0%B5+%D1%81%D1%83%D1%89%D0%B5%D1%81%D1%82%D0%B2%D1%83%D0%B5%D1%82 404 8.334 ms - 147 
POST /api/users/authuser 200 78.790 ms - 30 
GET /api/products 200 43.978 ms - 1214219 
POST /authuser 200 281.628 ms - 22015 
GET /assets/css/common.css 200 2.769 ms - 14687 
GET /assets/css/index.css 200 2.153 ms - 2053 
GET /assets/js/common.js 200 11.699 ms - 12772 
GET /assets/images/logo-light.png 200 13.560 ms - 44211 
GET /assets/js/index.js 200 11.696 ms - 4605 
GET /assets/images/icons/basket64ca280f00ff0623d007.svg 200 10.993 ms - 2415 
GET /assets/images/icons/star-offe9ddc035595a1db4743e.svg 200 13.581 ms - 532 
GET /assets/images/icons/star-onb0e73841f6db8e108831.svg 200 10.714 ms - 529 
GET /assets/js/common.js 304 4.574 ms - - 
GET /api/products 200 93.793 ms - 1214219 
GET /assets/images/icons/crosse66d907701c789759d87.svg 200 10.627 ms - 492 
POST /api/users/authuser 401 85.993 ms - 43 
POST /admin/authadmin 302 100.811 ms - 314 
GET /authuser?msgLoginAdminError=%D0%9D%D0%B5%D0%B2%D0%B5%D1%80%D0%BD%D1%8B%D0%B9+%D0%BF%D0%B0%D1%80%D0%BE%D0%BB%D1%8C 404 1.676 ms - 147 
POST /api/users/authuser 200 84.640 ms - 30 
GET /api/products 200 48.145 ms - 1214219 
POST /authuser 200 271.460 ms - 22015 
GET /assets/css/common.css 200 3.605 ms - 14687 
GET /assets/css/index.css 200 3.113 ms - 2053 
GET /assets/js/index.js 200 6.352 ms - 4605 
GET /assets/js/common.js 200 11.427 ms - 12772 
GET /assets/images/logo-light.png 200 17.953 ms - 44211 
GET /assets/js/index.js 304 22.594 ms - - 
GET /assets/images/icons/basket64ca280f00ff0623d007.svg 200 16.064 ms - 2415 
GET /assets/images/icons/star-offe9ddc035595a1db4743e.svg 200 12.416 ms - 532 
GET /assets/images/icons/star-onb0e73841f6db8e108831.svg 200 2.248 ms - 529 
GET /api/products 200 120.149 ms - 1214219 
GET /api/products/getproduct?id=629b72f5e4c0d18770d9de75 200 17.752 ms - 232252 
GET /product?id=629b72f5e4c0d18770d9de75 200 107.926 ms - 5772 
GET /assets/css/common.css 200 2.234 ms - 14687 
GET /assets/css/product.css 200 0.889 ms - 940 
GET /assets/js/common.js 200 2.925 ms - 12772 
GET /assets/js/product.js 200 1.699 ms - 9229 
GET /assets/images/logo-light.png 200 0.967 ms - 44211 
GET /assets/images/icons/basket64ca280f00ff0623d007.svg 200 1.772 ms - 2415 
GET /assets/images/icons/star-offe9ddc035595a1db4743e.svg 200 1.336 ms - 532 
GET /assets/js/common.js 304 1.836 ms - - 
GET /api/products/getproduct?id=629b72f5e4c0d18770d9de75 200 39.454 ms - 232252 
GET /assets/images/icons/arrowscc29908431ba57d20d57.svg 200 2.423 ms - 270 
GET /assets/images/icons/crosse66d907701c789759d87.svg 200 2.185 ms - 492 
POST /api/users/authuser 401 71.953 ms - 43 
POST /admin/authadmin 302 77.599 ms - 376 
GET /api/products/getproduct?id=629b72f5e4c0d18770d9de75 200 11.463 ms - 232252 
GET /product?id=629b72f5e4c0d18770d9de75&msgLoginAdminError=%D0%9D%D0%B5%D0%B2%D0%B5%D1%80%D0%BD%D1%8B%D0%B9+%D0%BF%D0%B0%D1%80%D0%BE%D0%BB%D1%8C 200 75.177 ms - 5772 
GET /assets/css/common.css 200 0.713 ms - 14687 
GET /assets/css/product.css 200 4.064 ms - 940 
GET /assets/js/common.js 200 9.462 ms - 12772 
GET /assets/js/product.js 200 1.769 ms - 9229 
GET /assets/images/logo-light.png 200 2.735 ms - 44211 
GET /assets/js/product.js 304 0.854 ms - - 
GET /assets/images/icons/basket64ca280f00ff0623d007.svg 200 3.335 ms - 2415 
GET /assets/images/icons/star-offe9ddc035595a1db4743e.svg 200 2.396 ms - 532 
GET /api/products/getproduct?id=629b72f5e4c0d18770d9de75 200 18.022 ms - 232252 
GET /assets/images/icons/crosse66d907701c789759d87.svg 200 0.583 ms - 492 
GET /assets/images/icons/arrowscc29908431ba57d20d57.svg 200 0.716 ms - 270 
POST /api/users/authuser 200 74.005 ms - 32 
POST /admin/authadmin 302 78.202 ms - 56 
GET /admin 200 63.368 ms - 6503 
GET /assets/css/common.css 200 4.148 ms - 14687 
GET /assets/css/admin.css 200 28.350 ms - 3956 
GET /assets/js/common.js 200 5.980 ms - 12772 
GET /assets/js/admin.js 200 6.138 ms - 4582 
GET /assets/images/logo-light.png 200 8.815 ms - 44211 
GET /assets/js/common.js 304 3.527 ms - - 
GET /assets/js/admin.js 200 10.568 ms - 4582 
GET /assets/images/icons/pic5f1a04e4abce0569eb49.svg 200 1.659 ms - 712 
GET /api/products 200 86.468 ms - 1214219 
GET / 200 197.671 ms - 21951 
GET /assets/css/common.css 200 2.258 ms - 14687 
GET /assets/css/index.css 200 1.800 ms - 2053 
GET /assets/js/common.js 200 15.196 ms - 12772 
GET /assets/js/index.js 200 15.273 ms - 4605 
GET /assets/images/logo-light.png 200 20.179 ms - 44211 
GET /assets/images/icons/basket64ca280f00ff0623d007.svg 200 10.823 ms - 2415 
GET /assets/images/icons/star-offe9ddc035595a1db4743e.svg 200 6.467 ms - 532 
GET /assets/images/icons/star-onb0e73841f6db8e108831.svg 200 11.326 ms - 529 
GET /api/products 200 65.038 ms - 1214219 
GET /api/products/getproduct?id=629b72f5e4c0d18770d9de68 200 12.457 ms - 91114 
GET /product?id=629b72f5e4c0d18770d9de68 200 120.676 ms - 5769 
GET /assets/css/common.css 200 4.744 ms - 14687 
GET /assets/css/product.css 200 8.773 ms - 940 
GET /assets/js/common.js 200 8.625 ms - 12772 
GET /assets/js/product.js 200 20.516 ms - 9229 
GET /assets/images/logo-light.png 200 22.921 ms - 44211 
GET /assets/js/common.js 304 6.155 ms - - 
GET /assets/images/icons/basket64ca280f00ff0623d007.svg 200 10.971 ms - 2415 
GET /assets/images/icons/star-offe9ddc035595a1db4743e.svg 200 13.617 ms - 532 
GET /api/products/getproduct?id=629b72f5e4c0d18770d9de68 200 17.643 ms - 91114 
GET /assets/images/icons/arrowscc29908431ba57d20d57.svg 200 2.774 ms - 270 
GET /assets/images/icons/crosse66d907701c789759d87.svg 200 2.386 ms - 492 
POST /api/users/adduser 201 87.626 ms - 55 
POST /user/adduser 302 102.707 ms - 334 
GET /api/products 200 57.417 ms - 1214219 
GET /?msgSignSuccessfully=%D0%9F%D0%BE%D0%BB%D1%8C%D0%B7%D0%BE%D0%B2%D0%B0%D1%82%D0%B5%D0%BB%D1%8C%20%D0%B4%D0%BE%D0%B1%D0%B0%D0%B2%D0%BB%D0%B5%D0%BD 200 236.839 ms - 21951 
GET /assets/css/common.css 200 13.190 ms - 14687 
GET /assets/css/index.css 200 18.764 ms - 2053 
GET /assets/js/index.js 200 18.748 ms - 4605 
GET /assets/js/common.js 200 28.885 ms - 12772 
GET /assets/images/logo-light.png 200 19.353 ms - 44211 
GET /assets/js/index.js 304 8.779 ms - - 
GET /assets/images/icons/basket64ca280f00ff0623d007.svg 200 19.788 ms - 2415 
GET /assets/images/icons/star-offe9ddc035595a1db4743e.svg 200 18.345 ms - 532 
GET /assets/images/icons/star-onb0e73841f6db8e108831.svg 200 6.989 ms - 529 
GET /api/products 200 75.325 ms - 1214219 
GET /assets/images/icons/crosse66d907701c789759d87.svg 200 5.523 ms - 492 
GET /assets/images/icons/crosse66d907701c789759d87.svg 200 5.305 ms - 492 
POST / 404 4.371 ms - 140 
POST / 404 0.949 ms - 140 
POST /api/users/authuser 200 97.918 ms - 30 
GET /api/products 200 49.765 ms - 1214219 
POST /authuser 200 466.905 ms - 22015 
GET /assets/css/common.css 200 13.479 ms - 14687 
GET /assets/css/index.css 200 13.899 ms - 2053 
GET /assets/js/common.js 200 7.339 ms - 12772 
GET /assets/images/logo-light.png 200 21.829 ms - 44211 
GET /assets/js/index.js 200 51.475 ms - 4605 
GET /assets/js/common.js 304 74.508 ms - - 
GET /assets/images/icons/basket64ca280f00ff0623d007.svg 200 54.047 ms - 2415 
GET /assets/images/icons/star-offe9ddc035595a1db4743e.svg 200 54.553 ms - 532 
GET /assets/images/icons/star-onb0e73841f6db8e108831.svg 200 33.928 ms - 529 
GET /api/products 200 101.563 ms - 1214219 
GET /assets/css/common.css 304 3.961 ms - - 
GET /assets/css/index.css 304 4.105 ms - - 
GET /logout? 302 12.964 ms - 88 
GET /api/products 200 83.695 ms - 1214219 
GET / 200 387.160 ms - 21951 
GET /assets/css/common.css 200 2.284 ms - 14687 
GET /assets/css/index.css 200 3.149 ms - 2053 
GET /assets/js/index.js 200 2.253 ms - 4605 
GET /assets/js/common.js 200 5.668 ms - 12772 
GET /assets/images/logo-light.png 200 4.824 ms - 44211 
GET /assets/images/icons/basket64ca280f00ff0623d007.svg 200 6.597 ms - 2415 
GET /assets/images/icons/star-offe9ddc035595a1db4743e.svg 200 6.581 ms - 532 
GET /assets/js/index.js 304 1.917 ms - - 
GET /assets/images/icons/star-onb0e73841f6db8e108831.svg 200 0.895 ms - 529 
GET /assets/images/icons/crosse66d907701c789759d87.svg 200 0.848 ms - 492 
GET /api/products 200 88.917 ms - 1214219 
POST /api/users/authuser 200 105.105 ms - 30 
GET /api/products 200 71.625 ms - 1214219 
POST /authuser 200 373.702 ms - 22015 
GET /assets/css/common.css 200 21.738 ms - 14687 
GET /assets/css/index.css 200 21.702 ms - 2053 
GET /assets/js/index.js 200 5.875 ms - 4605 
GET /assets/js/common.js 200 8.374 ms - 12772 
GET /assets/images/logo-light.png 200 6.984 ms - 44211 
GET /assets/js/common.js 304 59.145 ms - - 
GET /assets/images/icons/basket64ca280f00ff0623d007.svg 200 43.461 ms - 2415 
GET /assets/images/icons/star-offe9ddc035595a1db4743e.svg 200 50.356 ms - 532 
GET /assets/images/icons/star-onb0e73841f6db8e108831.svg 200 31.504 ms - 529 
GET /api/products 200 97.655 ms - 1214219 
GET /api/products/getproduct?id=629b72f5e4c0d18770d9de7b 200 17.626 ms - 117985 
GET /product?id=629b72f5e4c0d18770d9de7b 200 132.496 ms - 5851 
GET /assets/css/common.css 200 2.438 ms - 14687 
GET /assets/css/product.css 200 2.965 ms - 940 
GET /assets/js/common.js 200 2.825 ms - 12772 
GET /assets/images/logo-light.png 200 22.538 ms - 44211 
GET /assets/js/product.js 200 20.522 ms - 9229 
GET /assets/images/icons/basket64ca280f00ff0623d007.svg 200 20.925 ms - 2415 
GET /assets/images/icons/star-offe9ddc035595a1db4743e.svg 200 15.228 ms - 532 
GET /api/products/getproduct?id=629b72f5e4c0d18770d9de7b 200 11.765 ms - 117985 
GET /assets/images/icons/arrowscc29908431ba57d20d57.svg 200 8.094 ms - 270 
GET /assets/js/product.js 304 6.122 ms - - 
POST /api/users/authuser 200 78.216 ms - 30 
GET /api/products 200 47.560 ms - 1214219 
POST /authuser 200 315.683 ms - 22015 
GET /assets/css/common.css 200 14.356 ms - 14687 
GET /assets/css/index.css 200 10.560 ms - 2053 
GET /assets/js/common.js 200 1.890 ms - 12772 
GET /assets/js/index.js 200 3.990 ms - 4605 
GET /assets/images/logo-light.png 200 14.419 ms - 44211 
GET /assets/images/icons/basket64ca280f00ff0623d007.svg 200 11.078 ms - 2415 
GET /assets/js/common.js 304 31.100 ms - - 
GET /assets/js/index.js 304 48.328 ms - - 
GET /assets/images/icons/star-offe9ddc035595a1db4743e.svg 200 52.168 ms - 532 
GET /assets/images/icons/star-onb0e73841f6db8e108831.svg 200 35.995 ms - 529 
GET /api/products 200 96.846 ms - 1214219 
GET /assets/images/icons/crosse66d907701c789759d87.svg 200 5.461 ms - 492 
GET /api/products 200 64.082 ms - 1214219 
GET / 200 450.519 ms - 21951 
GET /assets/css/common.css 200 42.750 ms - 14687 
GET /assets/js/index.js 304 0.804 ms - - 
GET /assets/css/index.css 304 1.622 ms - - 
GET /assets/js/common.js 200 97.342 ms - 12772 
GET /assets/images/logo-light.png 200 103.050 ms - 44211 
GET /assets/images/icons/basket64ca280f00ff0623d007.svg 304 3.105 ms - - 
GET /assets/images/icons/star-offe9ddc035595a1db4743e.svg 304 3.731 ms - - 
GET /assets/images/icons/star-onb0e73841f6db8e108831.svg 304 3.511 ms - - 
GET /api/products 200 29.832 ms - 1214219 
GET /assets/css/common.css 304 1.710 ms - - 
GET /assets/css/index.css 304 2.158 ms - - 
GET /basket 200 130.783 ms - 5204 
GET /assets/css/common.css 200 0.998 ms - 14687 
GET /assets/css/basket.css 200 0.600 ms - 1809 
GET /assets/js/common.js 200 1.168 ms - 12772 
GET /assets/js/common.js 200 1.224 ms - 12772 
GET /assets/images/logo-light.png 200 14.506 ms - 44211 
GET /assets/js/basket.js 200 36.400 ms - 6325 
GET /assets/images/icons/basket64ca280f00ff0623d007.svg 200 2.501 ms - 2415 
GET /assets/js/basket.js 200 1.127 ms - 6325 
GET /api/products/getproduct?id=62516379824b904728be918d 200 29.503 ms - 23031 
GET /api/products/getproduct?id=62516379824b904728be918b 200 29.821 ms - 66703 
GET /api/products/getproduct?id=62516379824b904728be9194 200 45.472 ms - 140998 
POST /basket/getproducts 200 116.352 ms - 230727 
GET /assets/images/icons/star-offe9ddc035595a1db4743e.svg 200 1.836 ms - 532 
GET /assets/images/icons/star-onb0e73841f6db8e108831.svg 200 18.425 ms - 529 
GET /api/products 200 65.094 ms - 1214219 
GET / 200 294.835 ms - 21951 
GET /assets/css/common.css 200 3.804 ms - 14687 
GET /assets/css/index.css 200 15.371 ms - 2053 
GET /assets/js/common.js 200 1.563 ms - 12772 
GET /assets/images/logo-light.png 200 1.050 ms - 44211 
GET /assets/js/index.js 200 3.965 ms - 4605 
GET /assets/images/icons/basket64ca280f00ff0623d007.svg 200 6.017 ms - 2415 
GET /assets/images/icons/star-offe9ddc035595a1db4743e.svg 200 5.643 ms - 532 
GET /assets/images/icons/star-onb0e73841f6db8e108831.svg 200 9.243 ms - 529 
GET /assets/js/index.js 304 0.447 ms - - 
GET /api/products 200 68.609 ms - 1214219 
GET / 500 7.004 ms - 2078 
GET / 200 206.221 ms - 144545 
GET /favicon.ico 404 2.840 ms - 150 
